[debug] [2024-07-26T22:02:33.848Z] ----------------------------------------------------------------------
[debug] [2024-07-26T22:02:33.852Z] Command:       C:\Program Files\nodejs\node.exe C:\Users\Omar\AppData\Roaming\npm\node_modules\firebase-tools\lib\bin\firebase.js login
[debug] [2024-07-26T22:02:33.852Z] CLI Version:   13.14.2
[debug] [2024-07-26T22:02:33.853Z] Platform:      win32
[debug] [2024-07-26T22:02:33.853Z] Node Version:  v20.14.0
[debug] [2024-07-26T22:02:33.853Z] Time:          Sat Jul 27 2024 01:02:33 GMT+0300 (Eastern European Summer Time)
[debug] [2024-07-26T22:02:33.853Z] ----------------------------------------------------------------------
[debug] 
[debug] [2024-07-26T22:02:33.855Z] >>> [apiv2][query] GET https://firebase-public.firebaseio.com/cli.json [none]
[info] i  Firebase optionally collects CLI and Emulator Suite usage and error reporting information to help improve our products. Data is collected in accordance with Google's privacy policy (https://policies.google.com/privacy) and is not used to identify you.
 
[debug] [2024-07-26T22:02:34.341Z] <<< [apiv2][status] GET https://firebase-public.firebaseio.com/cli.json 200
[debug] [2024-07-26T22:02:34.341Z] <<< [apiv2][body] GET https://firebase-public.firebaseio.com/cli.json {"cloudBuildErrorAfter":1594252800000,"cloudBuildWarnAfter":1590019200000,"defaultNode10After":1594252800000,"minVersion":"3.0.5","node8DeploysDisabledAfter":1613390400000,"node8RuntimeDisabledAfter":1615809600000,"node8WarnAfter":1600128000000}
[info] i  To change your data collection preference at any time, run `firebase logout` and log in again. 
[info] 
[info] Visit this URL on this device to log in:
[info] https://accounts.google.com/o/oauth2/auth?client_id=563584335869-fgrhgmd47bqnekij5i8b5pr03ho849e6.apps.googleusercontent.com&scope=email%20openid%20https%3A%2F%2Fwww.googleapis.com%2Fauth%2Fcloudplatformprojects.readonly%20https%3A%2F%2Fwww.googleapis.com%2Fauth%2Ffirebase%20https%3A%2F%2Fwww.googleapis.com%2Fauth%2Fcloud-platform&response_type=code&state=903397234&redirect_uri=http%3A%2F%2Flocalhost%3A9005
[info] 
[info] Waiting for authentication...
[debug] [2024-07-26T22:02:36.127Z] Error: spawn cmd ENOENT
    at ChildProcess._handle.onexit (node:internal/child_process:286:19)
    at onErrorNT (node:internal/child_process:484:16)
    at process.processTicksAndRejections (node:internal/process/task_queues:82:21)
[error] 
[error] Error: An unexpected error has occurred.
[debug] [2024-07-26T22:03:12.137Z] ----------------------------------------------------------------------
[debug] [2024-07-26T22:03:12.141Z] Command:       C:\Program Files\nodejs\node.exe C:\Users\Omar\AppData\Roaming\npm\node_modules\firebase-tools\lib\bin\firebase.js login
[debug] [2024-07-26T22:03:12.141Z] CLI Version:   13.14.2
[debug] [2024-07-26T22:03:12.141Z] Platform:      win32
[debug] [2024-07-26T22:03:12.142Z] Node Version:  v20.14.0
[debug] [2024-07-26T22:03:12.142Z] Time:          Sat Jul 27 2024 01:03:12 GMT+0300 (Eastern European Summer Time)
[debug] [2024-07-26T22:03:12.142Z] ----------------------------------------------------------------------
[debug] 
[info] i  Firebase optionally collects CLI and Emulator Suite usage and error reporting information to help improve our products. Data is collected in accordance with Google's privacy policy (https://policies.google.com/privacy) and is not used to identify you.
 
[debug] [2024-07-26T22:03:23.652Z] ----------------------------------------------------------------------
[debug] [2024-07-26T22:03:23.655Z] Command:       C:\Program Files\nodejs\node.exe C:\Users\Omar\AppData\Roaming\npm\node_modules\firebase-tools\lib\bin\firebase.js login
[debug] [2024-07-26T22:03:23.656Z] CLI Version:   13.14.2
[debug] [2024-07-26T22:03:23.656Z] Platform:      win32
[debug] [2024-07-26T22:03:23.656Z] Node Version:  v20.14.0
[debug] [2024-07-26T22:03:23.656Z] Time:          Sat Jul 27 2024 01:03:23 GMT+0300 (Eastern European Summer Time)
[debug] [2024-07-26T22:03:23.656Z] ----------------------------------------------------------------------
[debug] 
[info] i  Firebase optionally collects CLI and Emulator Suite usage and error reporting information to help improve our products. Data is collected in accordance with Google's privacy policy (https://policies.google.com/privacy) and is not used to identify you.
 
[info] i  To change your data collection preference at any time, run `firebase logout` and log in again. 
[info] 
[info] Visit this URL on this device to log in:
[info] https://accounts.google.com/o/oauth2/auth?client_id=563584335869-fgrhgmd47bqnekij5i8b5pr03ho849e6.apps.googleusercontent.com&scope=email%20openid%20https%3A%2F%2Fwww.googleapis.com%2Fauth%2Fcloudplatformprojects.readonly%20https%3A%2F%2Fwww.googleapis.com%2Fauth%2Ffirebase%20https%3A%2F%2Fwww.googleapis.com%2Fauth%2Fcloud-platform&response_type=code&state=555718793&redirect_uri=http%3A%2F%2Flocalhost%3A9005
[info] 
[info] Waiting for authentication...
[debug] [2024-07-26T22:03:25.846Z] Error: spawn cmd ENOENT
    at ChildProcess._handle.onexit (node:internal/child_process:286:19)
    at onErrorNT (node:internal/child_process:484:16)
    at process.processTicksAndRejections (node:internal/process/task_queues:82:21)
[error] 
[error] Error: An unexpected error has occurred.
